{"name": "Авторизация на странице Registration Page", "status": "skipped", "statusDetails": {"message": "XFAIL\n\nAssertionError: Expected that no error message are displayed", "trace": "browser = <selenium.webdriver.chrome.webdriver.WebDriver (session=\"3e33964d1af34cb5981886e602763ae0\")>\n\n    @allure.severity(severity_level.MINOR)\n    @allure.epic(\"Smoke тест\")\n    @allure.feature(\"Скриншот упавшего теста\")\n    @allure.testcase(\"Задачи U1, U2, U4\")\n    @allure.story(\"При падении теста делается скриншот\")\n    @allure.title(\"Авторизация на странице Registration Page\")\n    @allure.description(\n        \"\"\"\n        Цель: Проверить обработку упавших тестов\n    \n        Предусловие:\n            - Открыть браузер\n    \n        Шаги:\n            1. Открыть страницу с формой\n            2. Нажать на кнопку \"SUBMIT\"\n            3. Проверить отсутствие сообщений об ошибках\n    \n        Ожидаемый результат:\n            - Нет сообщений о некорректном вводе данных\"\"\")\n    @pytest.mark.xfail\n    def test_fill_out_form(browser: fixture):\n        login_page = RegistrationPage(browser)\n        login_page.open_form_page()\n        login_page.submit_data()\n>       login_page.no_error_found()\n\ntests/test_failure_screenshot.py:34: \n_ _ _ _ _ _ _ _ _ _ _ _ _ _ _ _ _ _ _ _ _ _ _ _ _ _ _ _ _ _ _ _ _ _ _ _ _ _ _ _ \n\nself = <pages.registration_page.RegistrationPage object at 0x7f6d9f4199a0>\n\n    def no_error_found(self) -> None:\n        with allure.step('Проверить отсутствие сообщений об ошибках'):\n>           assert not self.element_is_visible(RegistrationLocators.error), 'Expected that no error message are displayed'\nE           AssertionError: Expected that no error message are displayed\n\npages/registration_page.py:96: AssertionError"}, "description": "\n    Цель: Проверить обработку упавших тестов\n\n    Предусловие:\n        - Открыть браузер\n\n    Шаги:\n        1. Открыть страницу с формой\n        2. Нажать на кнопку \"SUBMIT\"\n        3. Проверить отсутствие сообщений об ошибках\n\n    Ожидаемый результат:\n        - Нет сообщений о некорректном вводе данных", "steps": [{"name": "Открыть страницу с формой", "status": "passed", "start": 1735415420865, "stop": 1735415422458}, {"name": "Нажать на кнопку \"SUBMIT\"", "status": "passed", "start": 1735415422458, "stop": 1735415422555}, {"name": "Проверить отсутствие сообщений об ошибках", "status": "failed", "statusDetails": {"message": "AssertionError: Expected that no error message are displayed\n", "trace": "  File \"/home/runner/work/internship_u/internship_u/pages/registration_page.py\", line 96, in no_error_found\n    assert not self.element_is_visible(RegistrationLocators.error), 'Expected that no error message are displayed'\n           ^^^^^^^^^^^^^^^^^^^^^^^^^^^^^^^^^^^^^^^^^^^^^^^^^^^^^^^\n"}, "start": 1735415422555, "stop": 1735415422572}, {"name": "Скриншот упавшего теста", "status": "passed", "attachments": [{"name": "Test failure screenshot", "source": "7093df34-4e78-4953-94bc-8e705a18da89-attachment.png", "type": "image/png"}], "start": 1735415422573, "stop": 1735415422687}], "start": 1735415420865, "stop": 1735415422573, "uuid": "747ecd0f-6d80-4fe8-b4f4-163350bc076a", "historyId": "f6d38c96201a67cea98bf689b6d8c789", "testCaseId": "f6d38c96201a67cea98bf689b6d8c789", "fullName": "tests.test_failure_screenshot#test_fill_out_form", "labels": [{"name": "severity", "value": "minor"}, {"name": "epic", "value": "Smoke тест"}, {"name": "feature", "value": "Скриншот упавшего теста"}, {"name": "story", "value": "При падении теста делается скриншот"}, {"name": "tag", "value": "@pytest.mark.xfail"}, {"name": "parentSuite", "value": "tests"}, {"name": "suite", "value": "test_failure_screenshot"}, {"name": "host", "value": "fv-az1315-197"}, {"name": "thread", "value": "2605-MainThread"}, {"name": "framework", "value": "pytest"}, {"name": "language", "value": "cpython3"}, {"name": "package", "value": "tests.test_failure_screenshot"}], "links": [{"type": "tms", "url": "Задачи U1, U2, U4", "name": "Задачи U1, U2, U4"}]}